<?xml version="1.0" encoding="UTF-8"?>
<testng-results skipped="0" failed="0" ignored="0" total="1" passed="1">
  <reporter-output>
  </reporter-output>
  <suite name="Default suite" duration-ms="8891" started-at="2018-08-27T11:10:22Z" finished-at="2018-08-27T11:10:31Z">
    <groups>
    </groups>
    <test name="Default test" duration-ms="8891" started-at="2018-08-27T11:10:22Z" finished-at="2018-08-27T11:10:31Z">
      <class name="com.psl.demo.TestClass">
        <test-method status="PASS" signature="beforeTest()[pri:0, instance:com.psl.demo.TestClass@52b1beb6]" name="beforeTest" is-config="true" duration-ms="6538" started-at="2018-08-27T11:10:22Z" finished-at="2018-08-27T11:10:29Z">
          <reporter-output>
          </reporter-output>
        </test-method> <!-- beforeTest -->
        <test-method status="PASS" signature="test()[pri:0, instance:com.psl.demo.TestClass@52b1beb6]" name="test" duration-ms="14" started-at="2018-08-27T11:10:29Z" finished-at="2018-08-27T11:10:29Z">
          <reporter-output>
          </reporter-output>
        </test-method> <!-- test -->
        <test-method status="PASS" signature="afterTest()[pri:0, instance:com.psl.demo.TestClass@52b1beb6]" name="afterTest" is-config="true" duration-ms="2320" started-at="2018-08-27T11:10:29Z" finished-at="2018-08-27T11:10:31Z">
          <reporter-output>
          </reporter-output>
        </test-method> <!-- afterTest -->
      </class> <!-- com.psl.demo.TestClass -->
    </test> <!-- Default test -->
  </suite> <!-- Default suite -->
</testng-results>
