<?xml version="1.0" encoding="UTF-8"?>
<testng-results skipped="0" failed="0" ignored="0" total="5" passed="5">
  <reporter-output>
  </reporter-output>
  <suite name="Default suite" duration-ms="206269" started-at="2018-08-30T12:29:52Z" finished-at="2018-08-30T12:33:18Z">
    <groups>
    </groups>
    <test name="Default test" duration-ms="206269" started-at="2018-08-30T12:29:52Z" finished-at="2018-08-30T12:33:18Z">
      <class name="com.amazon.testcases.AmazonMain">
        <test-method status="PASS" signature="beforeTest()[pri:0, instance:com.amazon.testcases.AmazonMain@55f3ddb1]" name="beforeTest" is-config="true" duration-ms="80314" started-at="2018-08-30T12:29:52Z" finished-at="2018-08-30T12:31:12Z">
          <reporter-output>
          </reporter-output>
        </test-method> <!-- beforeTest -->
        <test-method status="PASS" signature="login()[pri:0, instance:com.amazon.testcases.AmazonMain@55f3ddb1]" name="login" duration-ms="25548" started-at="2018-08-30T12:31:12Z" finished-at="2018-08-30T12:31:38Z">
          <reporter-output>
          </reporter-output>
        </test-method> <!-- login -->
        <test-method status="PASS" signature="proudctPage(java.lang.String)[pri:0, instance:com.amazon.testcases.AmazonMain@55f3ddb1]" name="proudctPage" duration-ms="33976" started-at="2018-08-30T12:31:38Z" data-provider="SearchProvider" depends-on-methods="com.amazon.testcases.AmazonMain.login" finished-at="2018-08-30T12:32:12Z">
          <params>
            <param index="0">
              <value>
                <![CDATA[Three Thousand Stitches: Ordinary People, Extraordinary Lives]]>
              </value>
            </param>
          </params>
          <reporter-output>
          </reporter-output>
        </test-method> <!-- proudctPage -->
        <test-method status="PASS" signature="proudctPage(java.lang.String)[pri:0, instance:com.amazon.testcases.AmazonMain@55f3ddb1]" name="proudctPage" duration-ms="16656" started-at="2018-08-30T12:32:12Z" data-provider="SearchProvider" depends-on-methods="com.amazon.testcases.AmazonMain.login" finished-at="2018-08-30T12:32:28Z">
          <params>
            <param index="0">
              <value>
                <![CDATA[Captain Cool: The M.S. Dhoni Story - 4th Revised Edition]]>
              </value>
            </param>
          </params>
          <reporter-output>
          </reporter-output>
        </test-method> <!-- proudctPage -->
        <test-method status="PASS" signature="productDelete()[pri:0, instance:com.amazon.testcases.AmazonMain@55f3ddb1]" name="productDelete" duration-ms="10390" started-at="2018-08-30T12:32:28Z" depends-on-methods="com.amazon.testcases.AmazonMain.proudctPage" finished-at="2018-08-30T12:32:39Z">
          <reporter-output>
          </reporter-output>
        </test-method> <!-- productDelete -->
        <test-method status="PASS" signature="mousehover()[pri:0, instance:com.amazon.testcases.AmazonMain@55f3ddb1]" name="mousehover" duration-ms="38576" started-at="2018-08-30T12:32:39Z" depends-on-methods="com.amazon.testcases.AmazonMain.productDelete" finished-at="2018-08-30T12:33:17Z">
          <reporter-output>
          </reporter-output>
        </test-method> <!-- mousehover -->
        <test-method status="PASS" signature="afterTest()[pri:0, instance:com.amazon.testcases.AmazonMain@55f3ddb1]" name="afterTest" is-config="true" duration-ms="783" started-at="2018-08-30T12:33:17Z" finished-at="2018-08-30T12:33:18Z">
          <reporter-output>
          </reporter-output>
        </test-method> <!-- afterTest -->
      </class> <!-- com.amazon.testcases.AmazonMain -->
    </test> <!-- Default test -->
  </suite> <!-- Default suite -->
</testng-results>
