<?xml version="1.0" encoding="UTF-8"?>
<!-- Generated by org.testng.reporters.JUnitXMLReporter -->
<testsuite hostname="GOD11259" ignored="0" name="Default test" tests="5" failures="1" timestamp="29 Aug 2018 10:43:58 GMT" time="175.24" errors="0">
  <testcase name="login" time="35.065" classname="com.amazon.testcases.AmazonMain"/>
  <testcase name="testMethod" time="0.005" classname="com.amazon.testcases.ProductPage">
    <failure type="org.testng.internal.reflect.MethodMatcherException" message="
Data provider mismatch
Method: testMethod([Parameter{index=0, type=java.lang.String, declaredAnnotations=[]}, Parameter{index=1, type=org.openqa.selenium.WebDriver, declaredAnnotations=[]}])
Arguments: [(java.lang.String) Think and Grow Rich (Re-Jacketed December 2017)]">
      <![CDATA[org.testng.internal.reflect.MethodMatcherException: 
Data provider mismatch
Method: testMethod([Parameter{index=0, type=java.lang.String, declaredAnnotations=[]}, Parameter{index=1, type=org.openqa.selenium.WebDriver, declaredAnnotations=[]}])
Arguments: [(java.lang.String) Think and Grow Rich (Re-Jacketed December 2017)]
at org.testng.internal.reflect.DataProviderMethodMatcher.getConformingArguments(DataProviderMethodMatcher.java:45)
at org.testng.internal.Parameters.injectParameters(Parameters.java:796)
at org.testng.internal.Invoker.invokeTestMethods(Invoker.java:982)
at org.testng.internal.TestMethodWorker.invokeTestMethods(TestMethodWorker.java:125)
at org.testng.internal.TestMethodWorker.run(TestMethodWorker.java:109)
at org.testng.TestRunner.privateRun(TestRunner.java:648)
at org.testng.TestRunner.run(TestRunner.java:505)
at org.testng.SuiteRunner.runTest(SuiteRunner.java:455)
at org.testng.SuiteRunner.runSequentially(SuiteRunner.java:450)
at org.testng.SuiteRunner.privateRun(SuiteRunner.java:415)
at org.testng.SuiteRunner.run(SuiteRunner.java:364)
at org.testng.SuiteRunnerWorker.runSuite(SuiteRunnerWorker.java:52)
at org.testng.SuiteRunnerWorker.run(SuiteRunnerWorker.java:84)
at org.testng.TestNG.runSuitesSequentially(TestNG.java:1208)
at org.testng.TestNG.runSuitesLocally(TestNG.java:1137)
at org.testng.TestNG.runSuites(TestNG.java:1049)
at org.testng.TestNG.run(TestNG.java:1017)
at org.testng.remote.AbstractRemoteTestNG.run(AbstractRemoteTestNG.java:114)
at org.testng.remote.RemoteTestNG.initAndRun(RemoteTestNG.java:251)
at org.testng.remote.RemoteTestNG.main(RemoteTestNG.java:77)
]]>
    </failure>
  </testcase> <!-- testMethod -->
  <testcase name="proudctPage" time="35.739" classname="com.amazon.testcases.AmazonMain"/>
  <testcase name="proudctPage" time="23.229" classname="com.amazon.testcases.AmazonMain"/>
  <testcase name="productDelete" time="12.539" classname="com.amazon.testcases.AmazonMain"/>
</testsuite> <!-- Default test -->
